SF:lib\features\data\data-sourses\local_data_sources\local_operations_imp.dart
DA:16,0
DA:19,0
DA:20,0
DA:22,0
DA:23,0
DA:25,0
DA:28,0
DA:30,0
DA:31,0
DA:33,0
DA:34,0
DA:36,0
DA:39,1
DA:42,1
DA:43,1
DA:44,1
DA:45,0
DA:48,0
DA:50,0
DA:51,0
DA:52,0
DA:53,0
LF:22
LH:4
end_of_record
SF:lib\features\data\models\details_show_model.dart
DA:8,1
DA:34,1
DA:60,1
DA:61,1
DA:62,1
DA:63,1
DA:64,1
DA:65,1
DA:66,1
DA:67,1
DA:68,1
DA:69,1
DA:70,1
DA:71,1
DA:72,1
DA:73,2
DA:74,1
DA:75,1
DA:76,1
DA:77,1
DA:78,1
DA:79,1
DA:80,1
DA:81,1
DA:82,1
DA:83,1
DA:84,1
DA:85,1
DA:86,1
DA:89,3
DA:90,1
DA:91,1
DA:92,1
DA:93,1
DA:94,1
DA:95,1
DA:96,1
DA:97,1
DA:98,1
DA:99,1
DA:100,2
DA:101,1
DA:102,1
DA:103,1
DA:104,1
DA:105,1
DA:106,1
DA:107,1
DA:108,1
DA:109,1
DA:110,1
DA:111,1
DA:112,1
DA:113,1
LF:54
LH:54
end_of_record
SF:lib\features\data\models\search_model.dart
DA:8,0
DA:11,0
DA:13,0
DA:14,0
DA:18,0
DA:19,0
LF:6
LH:0
end_of_record
SF:lib\features\domain\usecases\searching_by_id_or_title.dart
DA:10,0
DA:11,0
DA:14,0
DA:27,0
DA:29,0
DA:32,1
DA:39,0
DA:40,0
DA:41,0
DA:42,0
DA:43,0
DA:44,0
DA:45,0
LF:13
LH:1
end_of_record
SF:lib\features\domain\usecases\searching_by_title.dart
DA:12,0
DA:13,0
DA:15,0
DA:27,0
DA:29,0
DA:32,0
DA:35,0
DA:36,0
DA:37,0
DA:39,0
DA:41,0
DA:42,0
LF:12
LH:0
end_of_record
SF:lib\core\helper\either.dart
DA:5,0
LF:1
LH:0
end_of_record
SF:lib\features\domain\entites\details_show.dart
DA:27,1
DA:54,1
DA:60,0
DA:63,0
DA:64,0
DA:65,0
DA:66,0
DA:67,0
DA:68,0
DA:69,0
DA:70,0
DA:71,0
DA:72,0
DA:73,0
DA:74,0
DA:75,0
DA:76,0
DA:77,0
DA:78,0
DA:79,0
DA:80,0
DA:81,0
DA:82,0
DA:83,0
DA:84,0
DA:85,0
DA:87,0
DA:89,0
DA:90,0
DA:91,0
DA:92,0
DA:93,0
DA:94,0
DA:95,0
DA:96,0
DA:97,0
DA:98,0
DA:99,0
DA:100,0
DA:101,0
DA:102,0
DA:103,0
DA:104,0
DA:105,0
DA:106,0
DA:107,0
DA:108,0
DA:109,0
LF:48
LH:2
end_of_record
SF:lib\features\domain\entites\search.dart
DA:7,0
DA:9,0
DA:12,0
DA:13,0
DA:14,0
DA:15,0
DA:17,0
DA:18,0
LF:8
LH:0
end_of_record
SF:lib\features\domain\entites\ratings.dart
DA:8,1
DA:10,0
DA:13,0
DA:14,0
DA:15,0
DA:17,0
DA:18,0
LF:7
LH:1
end_of_record
SF:lib\features\data\models\ratings_model.dart
DA:6,2
DA:7,1
DA:8,1
DA:9,3
DA:10,3
DA:12,1
DA:14,1
DA:15,1
DA:16,4
DA:17,4
LF:10
LH:10
end_of_record
SF:lib\features\data\models\rating_model.dart
DA:5,1
DA:6,1
DA:7,1
DA:8,3
DA:10,1
DA:11,3
LF:6
LH:6
end_of_record
SF:lib\features\domain\entites\rating.dart
DA:5,1
DA:7,0
DA:10,0
DA:11,0
DA:12,0
DA:13,0
DA:15,0
DA:16,0
LF:8
LH:1
end_of_record
SF:lib\features\data\models\search_shows_model.dart
DA:7,0
DA:9,0
DA:10,0
DA:11,0
DA:12,0
DA:14,0
DA:16,0
DA:17,0
DA:18,0
DA:19,0
LF:10
LH:0
end_of_record
SF:lib\features\data\models\search_show_model.dart
DA:4,0
DA:10,0
DA:17,0
DA:18,0
DA:19,0
DA:20,0
DA:21,0
DA:22,0
DA:23,0
DA:26,0
DA:27,0
DA:28,0
DA:29,0
DA:30,0
DA:31,0
LF:15
LH:0
end_of_record
SF:lib\features\domain\entites\search_show.dart
DA:4,0
DA:9,0
DA:11,0
DA:14,0
DA:16,0
LF:5
LH:0
end_of_record
SF:lib\features\domain\entites\search_shows.dart
DA:7,0
DA:9,0
DA:12,0
DA:13,0
DA:14,0
DA:16,0
DA:17,0
LF:7
LH:0
end_of_record
SF:lib\features\domain\entites\show.dart
DA:8,1
DA:15,0
DA:18,0
DA:19,0
DA:20,0
DA:21,0
DA:22,0
DA:23,0
DA:24,0
DA:26,0
DA:28,0
DA:29,0
DA:30,0
DA:31,0
DA:32,0
LF:15
LH:1
end_of_record
